                                                      24.05.19 M1

  M O H И T O P-8 0  (3.7)   25.09.84*       (  MC " Д Y Б H A " ИAЭ  )             ШИФP    419999000000







                    ЖЖЖЖ           Ж
                    Ж   Ж         ЖЖ
                    Ж   Ж    Ж   Ж Ж
                    Ж   Ж   Ж      Ж
                    ЖЖЖЖ   Ж       Ж
                    Ж              Ж
                    Ж             ЖЖЖ








*NAME P/1
           *PERSO: 401350, CONT
 04.10.84 M1
           *CALL DTRAN:410440(P/1)
                 DTRAN  /01.06.84/
           *CALL PUTFLAG*
 40
           *ASSEM
           *READ: 1
                                                      24.05.19 M1
 ABTOKOД  MADLEN
   (1.10.72)
                    P/1     :  , NAME,        DTRAN  /01.06.84/
                    P/TRPAGE:  , SUBP,
                    P/BX    :  , SUBP,
                    P/EN    :  , SUBP,
 0000                        11, VJM ,P/BX
  -
 0001                        13, VJM ,P/EN
  -
 0002                        14, MTJ ,13
  -                          10, XTA ,2
 0003                        13, U1A ,
  -                            , UJ  ,P/TRPAGE
                               , END ,
 ЧИCЛO ПEPФ. 0011      ЧИCЛO OШИБ. OПEPATOPOB  0000
           *READ OLD
           *END FILE
 КОНЕЦ ЗАДАЧИ
 00411: 00 074 0000	*74
