                                                      24.05.19 M1

  M O H И T O P-8 0  (3.7)   25.09.84*       (  MC " Д Y Б H A " ИAЭ  )             ШИФP    419999000000







                    ЖЖЖЖ        ЖЖЖ    ЖЖЖ
                    Ж   Ж       Ж  Ж    Ж
                    Ж   Ж    Ж  Ж   Ж   Ж
                    Ж   Ж   Ж   Ж   Ж   Ж
                    ЖЖЖЖ   Ж    Ж   Ж   Ж
                    Ж           Ж   Ж   Ж
                    Ж           ЖЖЖЖ   ЖЖЖ








*NAME P/DI
           *PERSO: 401350, CONT
 04.10.84 M1
           *CALL DTRAN:410440(P/DI)
                 DTRAN  /01.06.84/
           *CALL PUTFLAG*
 40
           *ASSEM
           *READ: 1
                                                      24.05.19 M1
 ABTOKOД  MADLEN
   (1.10.72)
                    P/DI    :  , NAME,        DTRAN  /01.06.84/
 0000                          , NTR ,
  -                            , AVX ,
 0001                        15, STX ,1
  -                            , AVX ,
 0002                        15, A/X ,2
  -                            , NTR ,3
 0003                         1, A+X ,11B
  -                          13, UJ  ,
                               , END ,
 ЧИCЛO ПEPФ. 0010      ЧИCЛO OШИБ. OПEPATOPOB  0000
           *READ OLD
           *END FILE
 КОНЕЦ ЗАДАЧИ
 00411: 00 074 0000	*74
