                                                      24.05.19 M1

  M O H И T O P-8 0  (3.7)   25.09.84*       (  MC " Д Y Б H A " ИAЭ  )             ШИФP    419999000000







                    ЖЖЖЖ        Ж   Ж ЖЖЖ
                    Ж   Ж       ЖЖ ЖЖ Ж  Ж
                    Ж   Ж    Ж  Ж Ж Ж Ж   Ж
                    Ж   Ж   Ж   Ж Ж Ж Ж   Ж
                    ЖЖЖЖ   Ж    Ж   Ж Ж   Ж
                    Ж           Ж   Ж Ж   Ж
                    Ж           Ж   Ж ЖЖЖЖ








*NAME P/MD
           *PERSO: 401350, CONT
 04.10.84 M1
           *CALL DTRAN:410440(P/MD)
                 DTRAN  /01.06.84/
           *CALL PUTFLAG*
 40
           *ASSEM
           *READ: 1
                                                      24.05.19 M1
 ABTOKOД  MADLEN
   (1.10.72)
                    P/MD    :  , NAME,        DTRAN  /01.06.84/
 0000                          , NTR ,
  -                            , AVX ,
 0001                        15, STX ,1
  -                            , AVX ,
 0002                        15, ATX ,1
  -                          15, A/X ,2
 0003                          , NTR ,3
  -                           1, A+X ,11B
 0004                          , NTR ,
  -                          15, A*X ,2
 0005                        15, X-A ,1
  -                            , NTR ,3
 0006                         1, A+X ,11B
  -                          13, UJ  ,
                               , END ,
 ЧИCЛO ПEPФ. 0016      ЧИCЛO OШИБ. OПEPATOPOB  0000
           *READ OLD
           *END FILE
 КОНЕЦ ЗАДАЧИ
 00411: 00 074 0000	*74
