                                                      24.05.19 M1

  M O H И T O P-8 0  (3.7)   25.09.84*       (  MC " Д Y Б H A " ИAЭ  )             ШИФP    419999000000







                    ЖЖЖЖ   ЖЖЖ   ЖЖЖ  ЖЖЖЖ   ЖЖЖ  ЖЖЖЖЖ
                    Ж   Ж Ж   Ж Ж     Ж     Ж   Ж Ж
                    Ж   Ж Ж   Ж  ЖЖЖ  ЖЖЖ   Ж   Ж ЖЖЖЖ
                    Ж   Ж Ж   Ж     Ж Ж     Ж   Ж Ж
                    ЖЖЖЖ  Ж   Ж     Ж Ж     Ж   Ж Ж
                    Ж     ЖЖЖЖЖ Ж   Ж Ж     Ж   Ж Ж
                    Ж     Ж   Ж  ЖЖЖ  ЖЖЖЖЖ  ЖЖЖ  Ж








*NAME PASEOF
           *PERSO: 401350, CONT
 04.10.84 M1
           *CALL DTRAN:410440(PASEOF)
                 DTRAN  /01.06.84/
           *CALL PUTFLAG*
 40
           *ASSEM
           *READ: 1
                                                      24.05.19 M1
 ABTOKOД  MADLEN
   (1.10.72)
                    PASEOF  :  , NAME,        DTRAN  /01.06.84/
                    MONCARD*:  , LC  ,14
 0000                          , UTC ,MONCARD*
  -                            , XTA ,
 0001                        15, ATX ,1
  -   0010                   14, VTM ,*0010B  .=:776
 0002                        14, AAX ,
  -                          14, AEX ,1
 0003                        13, U1A ,
  -
 0004               *0004B  :14, XTA ,2
  -   0007                     , UZA ,*0007B
 0005                        15, AEX ,1
  -                          13, UZA ,
 0006                        14, UTM ,1
  -   0004                     , UJ  ,*0004B
 0007               *0007B  :14, XTA ,
  -                          13, UJ  ,
 0010               *0010B  :  , OCT ,776
 0011                          , OCT ,124
 0012                          , ISO ,24H*READ *END F*CALL *EXE
                                                CU
 0016                          , LOG ,
                               , END ,
 ЧИCЛO ПEPФ. 0022      ЧИCЛO OШИБ. OПEPATOPOB  0000
           *READ OLD
           *END FILE
 КОНЕЦ ЗАДАЧИ
 00411: 00 074 0000	*74
