                                                      24.05.19 M1

  M O H И T O P-8 0  (3.7)   25.09.84*       (  MC " Д Y Б H A " ИAЭ  )             ШИФP    419999000000







                    ЖЖЖЖ   ЖЖЖ   ЖЖЖ  Ж   Ж  ЖЖЖ  ЖЖЖ
                    Ж   Ж Ж   Ж Ж     Ж   Ж   Ж   Ж  Ж
                    Ж   Ж Ж   Ж  ЖЖЖ  ЖЖЖЖЖ   Ж   Ж   Ж
                    Ж   Ж Ж   Ж     Ж Ж   Ж   Ж   Ж   Ж
                    ЖЖЖЖ  Ж   Ж     Ж Ж   Ж   Ж   Ж   Ж
                    Ж     ЖЖЖЖЖ Ж   Ж Ж   Ж   Ж   Ж   Ж
                    Ж     Ж   Ж  ЖЖЖ  Ж   Ж  ЖЖЖ  ЖЖЖЖ








*NAME PASHID
           *PERSO: 401350, CONT
 04.10.84 M1
           *CALL DTRAN:410440(PASHID)
                 DTRAN  /01.06.84/
           *CALL PUTFLAG*
 40
           *ASSEM
           *READ: 1
                                                      24.05.19 M1
 ABTOKOД  MADLEN
   (1.10.72)
                    PASHID  :  , NAME,        DTRAN  /01.06.84/
 0000                          , ITS ,13
  -
 0001               *0001B  : 9, ITS ,6
  -   0001                    9, VLM ,*0001B
 0002                        15, ATX ,
  -                          14, UJ  ,
                   C===========================================
 0003               PASDIH  :  ,ENTRY,
                   C===========================================
 0003                        15, XTA ,
  -                          13, VTM ,6
 0004               *0004B  :13, UTC ,
  -                            , STI ,
 0005                        13, UTM ,-1
  -   0004                    9, VLM ,*0004B
 0006                          , STI ,13
  -                          13, UJ  ,
                               , END ,
 ЧИCЛO ПEPФ. 0018      ЧИCЛO OШИБ. OПEPATOPOB  0000
           *READ OLD
           *END FILE
 КОНЕЦ ЗАДАЧИ
 00411: 00 074 0000	*74
