                                                      10.04.19 М1

  М О Н И Т О Р-8 0  (3.7)   25.09.84*       (  МС " Д У Б Н А " ИАЭ  )             ШИФР    419999000000







                    ЖЖЖЖ         ЖЖЖ  ЖЖЖЖЖ
                    Ж   Ж       Ж   Ж Ж   Ж
                    Ж   Ж    Ж  Ж   Ж     Ж
                    Ж   Ж   Ж   Ж   Ж    Ж
                    ЖЖЖЖ   Ж    Ж   Ж   Ж
                    Ж           ЖЖЖЖЖ  Ж
                    Ж           Ж   Ж  Ж








*NАМЕ Р/А7
           *РЕRSО: 401350, СОNТ
 04.10.84 М1
           *САLL DТRАN:410440(Р/А7)
                 DТRАN  /01.06.84/
           *АSSЕМ
           *RЕАD: 1
                                                      10.04.19 М1
 АВТОКОД  МАDLЕN
   (1.10.72)
                    Р/А7    :  , NАМЕ,        DТRАN  /01.06.84/
                    Р/НIDЕ  :  , SUВР,
                    Р/7АD   :  , SUВР,
                    Р/SР    :  , SUВР,
 0000                        15, ХТА ,
  -                           1, АТХ ,3
 0001                        14, VJМ ,Р/НIDЕ
  -
 0002                        11, МТJ ,8
  -                          10, МТJ ,7
 0003                          , IТА ,10
  -                            , NТR ,3
 0004                         1, АЕХ ,11В
  -                           1, А-Х ,3
 0005                        13, VТМ ,Р/7АD
  -                            , UJ  ,Р/SР
                               , ЕND ,
 ЧИСЛО ПЕРФ. 0016      ЧИСЛО ОШИБ. ОПЕРАТОРОВ  0000
           *RЕАD ОLD
           *ЕND FILЕ
 КОНЕЦ ЗАДАЧИ
 00411: 00 074 0000	*74
