                                                      10.04.19 М1

  М О Н И Т О Р-8 0  (3.7)   25.09.84*       (  МС " Д У Б Н А " ИАЭ  )             ШИФР    419999000000







                    ЖЖЖЖ        ЖЖЖЖ  ЖЖЖЖ  Ж   Ж ЖЖЖЖЖ
                    Ж   Ж       Ж  Ж  Ж      Ж Ж  Ж
                    Ж   Ж    Ж  ЖЖЖ   ЖЖЖ     Ж   ЖЖЖЖ
                    Ж   Ж   Ж   Ж  Ж  Ж      Ж Ж  Ж
                    ЖЖЖЖ   Ж    Ж   Ж Ж     Ж   Ж Ж
                    Ж           Ж   Ж Ж     Ж   Ж Ж
                    Ж           ЖЖЖЖ  ЖЖЖЖЖ Ж   Ж Ж








*NАМЕ Р/ВЕХF
           *РЕRSО: 401350, СОNТ
 04.10.84 М1
           *САLL DТRАN:410440(Р/ВЕХF)
                 DТRАN  /01.06.84/
           *АSSЕМ
           *RЕАD: 1
                                                      10.04.19 М1
 АВТОКОД  МАDLЕN
   (1.10.72)
                    Р/ВЕХF  :  , NАМЕ,        DТRАN  /01.06.84/
                    РАSЕХFТ*:  , LС  ,15
 0000                        14, VТМ ,РАSЕХFТ*
  -
 0001               *0001В  :14, ХТА ,
  -                          13, UZА ,
 0002                         1, АЕХ ,3
  -   0004                     , U1А ,*0004В
 0003                        14, ХТА ,1
  -                          13, UJ  ,
 0004               *0004В  :14, UТМ ,2
  -   0001                     , UJ  ,*0001В
                               , DАТА,
 0005               /0005В  :  , LОG ,1257 6564 6065 6412
 0006                          , LОG ,6 3200
 0007                          , ОСТ ,1251 5660 6564 12
 0010                          , LОG ,6 2200
 0011                          , LОG ,6041 6351 5660 6564
 0012                          , LОG ,6 2200
 0013                          , LОG ,1262 4563 6554 6412
 0014                          , LОG ,272 7000 0400
 0015                          , ОСТ ,1243 5051 5444 12
 0016                          , LОG ,271 0000 0400
 0017                          , LОG ,
                             11, SЕТ ,/0005В
 0020                         1,     ,РАSЕХFТ*
                               , ЕND ,
 ЧИСЛО ПЕРФ. 0026      ЧИСЛО ОШИБ. ОПЕРАТОРОВ  0000
           *RЕАD ОLD
           *ЕND FILЕ
 КОНЕЦ ЗАДАЧИ
 00411: 00 074 0000	*74
