                                                      10.04.19 М1

  М О Н И Т О Р-8 0  (3.7)   25.09.84*       (  МС " Д У Б Н А " ИАЭ  )             ШИФР    419999000000







                    ЖЖЖЖ        ЖЖЖЖ  ЖЖЖЖ
                    Ж   Ж       Ж     Ж   Ж
                    Ж   Ж    Ж  ЖЖЖ   Ж   Ж
                    Ж   Ж   Ж   Ж     ЖЖЖЖ
                    ЖЖЖЖ   Ж    Ж     Ж Ж
                    Ж           Ж     Ж  Ж
                    Ж           ЖЖЖЖЖ Ж   Ж








*NАМЕ Р/ЕR
           *РЕRSО: 401350, СОNТ
 04.10.84 М1
           *САLL DТRАN:410440(Р/ЕR)
                 DТRАN  /01.06.84/
           *АSSЕМ
           *RЕАD: 1
                                                      10.04.19 М1
 АВТОКОД  МАDLЕN
   (1.10.72)
                    Р/ЕR    :  , NАМЕ,        DТRАN  /01.06.84/
                    *ОUТРUТ*:  , LС  ,30
                    Р/7А    :  , SUВР,
                    Р/WI    :  , SUВР,
                    Р/НТ    :  , SUВР,
 0000 0006                     , UТС ,*0006В  .=I7
  -                            , ХТА ,
 0001                          , IТS ,14
  -                           1, АЕХ ,11В
 0002                        15, АТХ ,
  -                          12, VТМ ,*ОUТРUТ*
 0003                        13, VJМ ,Р/7А
  -
 0004                        15, ХТА ,
  -                          13, VJМ ,Р/WI
 0005                        13, VJМ ,Р/НТ
  -
 0006               *0006В  :  , INТ ,7
                               , ЕND ,
 ЧИСЛО ПЕРФ. 0017      ЧИСЛО ОШИБ. ОПЕРАТОРОВ  0000
           *RЕАD ОLD
           *ЕND FILЕ
 КОНЕЦ ЗАДАЧИ
 00411: 00 074 0000	*74
