                                                      10.04.19 М1

  М О Н И Т О Р-8 0  (3.7)   25.09.84*       (  МС " Д У Б Н А " ИАЭ  )             ШИФР    419999000000







                    ЖЖЖЖ        Ж   Ж ЖЖЖ
                    Ж   Ж       ЖЖ ЖЖ Ж  Ж
                    Ж   Ж    Ж  Ж Ж Ж Ж   Ж
                    Ж   Ж   Ж   Ж Ж Ж Ж   Ж
                    ЖЖЖЖ   Ж    Ж   Ж Ж   Ж
                    Ж           Ж   Ж Ж   Ж
                    Ж           Ж   Ж ЖЖЖЖ








*NАМЕ Р/МD
           *РЕRSО: 401350, СОNТ
 04.10.84 М1
           *САLL DТRАN:410440(Р/МD)
                 DТRАN  /01.06.84/
           *АSSЕМ
           *RЕАD: 1
                                                      10.04.19 М1
 АВТОКОД  МАDLЕN
   (1.10.72)
                    Р/МD    :  , NАМЕ,        DТRАN  /01.06.84/
 0000                          , NТR ,
  -                            , АVХ ,
 0001                        15, SТХ ,1
  -                            , АVХ ,
 0002                        15, АТХ ,1
  -                          15, А/Х ,2
 0003                          , NТR ,3
  -                           1, А+Х ,11В
 0004                          , NТR ,
  -                          15, А*Х ,2
 0005                        15, Х-А ,1
  -                            , NТR ,3
 0006                         1, А+Х ,11В
  -                          13, UJ  ,
                               , ЕND ,
 ЧИСЛО ПЕРФ. 0016      ЧИСЛО ОШИБ. ОПЕРАТОРОВ  0000
           *RЕАD ОLD
           *ЕND FILЕ
 КОНЕЦ ЗАДАЧИ
 00411: 00 074 0000	*74
