                                                      10.04.19 М1

  М О Н И Т О Р-8 0  (3.7)   25.09.84*       (  МС " Д У Б Н А " ИАЭ  )             ШИФР    419999000000







                    ЖЖЖЖ         ЖЖЖ   ЖЖЖЖ
                    Ж   Ж       Ж     Ж
                    Ж   Ж    Ж   ЖЖЖ  Ж
                    Ж   Ж   Ж       Ж Ж
                    ЖЖЖЖ   Ж        Ж Ж
                    Ж           Ж   Ж Ж
                    Ж            ЖЖЖ   ЖЖЖЖ








*NАМЕ Р/SС
           *РЕRSО: 401350, СОNТ
 04.10.84 М1
           *САLL DТRАN:410440(Р/SС)
                 DТRАN  /01.06.84/
           *АSSЕМ
           *RЕАD: 1
                                                      10.04.19 М1
 АВТОКОД  МАDLЕN
   (1.10.72)
                    Р/SС    :  , NАМЕ,        DТRАN  /01.06.84/
                    РАSСЕLUР:  , LС  ,1
                    Р/ЕR    :  , SUВР,
 0000                          , IТА ,15
  -                            , UТС ,РАSСЕLUР
 0001                          , А-Х ,
  -                          13, U1А ,
 0002 0004                   11, VТМ ,*0004В  .=6Н SТАСК
  -                          10, VТМ ,30В
 0003                          , UJ  ,Р/ЕR
  -
 0004               *0004В  :  , ISО ,24Н SТАСК ОVЕRRАNGЕ. LINЕ
                               , DАТА,
 0010               /0010В  :  , LОG ,7 5360
                              1, SЕТ ,/0010В
 0011                         1,     ,РАSСЕLUР
                               , ЕND ,
 ЧИСЛО ПЕРФ. 0016      ЧИСЛО ОШИБ. ОПЕРАТОРОВ  0000
           *RЕАD ОLD
           *ЕND FILЕ
 КОНЕЦ ЗАДАЧИ
 00411: 00 074 0000	*74
