                                                      10.04.19 М1

  М О Н И Т О Р-8 0  (3.7)   25.09.84*       (  МС " Д У Б Н А " ИАЭ  )             ШИФР    419999000000







                    ЖЖЖЖ         ЖЖЖ  ЖЖЖЖ
                    Ж   Ж       Ж     Ж   Ж
                    Ж   Ж    Ж   ЖЖЖ  Ж   Ж
                    Ж   Ж   Ж       Ж Ж   Ж
                    ЖЖЖЖ   Ж        Ж ЖЖЖЖ
                    Ж           Ж   Ж Ж
                    Ж            ЖЖЖ  Ж








*NАМЕ Р/SР
           *РЕRSО: 401350, СОNТ
 04.10.84 М1
           *САLL DТRАN:410440(Р/SР)
                 DТRАN  /01.06.84/
           *АSSЕМ
           *RЕАD: 1
                                                      10.04.19 М1
 АВТОКОД  МАDLЕN
   (1.10.72)
                    Р/SР    :  , NАМЕ,        DТRАN  /01.06.84/
                    Р/РF    :  , SUВР,
                    SРАСЕ*  :  , LС  ,1
 0000               *0000В  :13, UZА ,
  -                            , IТS ,13
 0001                          , UТС ,SРАСЕ*
  -                            , ХТS ,
 0002                        12, WТС ,
  -                            , АТХ ,
 0003                        13, VJМ ,Р/РF
  -
 0004                        15, ХТА ,
  -                            , SТI ,13
 0005                         1, А+Х ,21В
  -   0000                     , UJ  ,*0000В
                               , ЕND ,
 ЧИСЛО ПЕРФ. 0015      ЧИСЛО ОШИБ. ОПЕРАТОРОВ  0000
           *RЕАD ОLD
           *ЕND FILЕ
 КОНЕЦ ЗАДАЧИ
 00411: 00 074 0000	*74
