                                                      10.04.19 М1

  М О Н И Т О Р-8 0  (3.7)   25.09.84*       (  МС " Д У Б Н А " ИАЭ  )             ШИФР    419999000000







                    ЖЖЖЖ        ЖЖЖЖЖ ЖЖЖЖ
                    Ж   Ж         Ж   Ж   Ж
                    Ж   Ж    Ж    Ж   Ж   Ж
                    Ж   Ж   Ж     Ж   ЖЖЖЖ
                    ЖЖЖЖ   Ж      Ж   Ж Ж
                    Ж             Ж   Ж  Ж
                    Ж             Ж   Ж   Ж








*NАМЕ Р/ТR
           *РЕRSО: 401350, СОNТ
 04.10.84 М1
           *САLL DТRАN:410440(Р/ТR)
                 DТRАN  /01.06.84/
           *АSSЕМ
           *RЕАD: 1
                                                      10.04.19 М1
 АВТОКОД  МАDLЕN
   (1.10.72)
                    Р/ТR    :  , NАМЕ,        DТRАN  /01.06.84/
 0000                          , NТR ,3
  -                          15, АТХ ,
 0001                         1, АМХ ,11В
  -                          15, АVХ ,
 0002                        13, UJ  ,
  -
                               , ЕND ,
 ЧИСЛО ПЕРФ. 0007      ЧИСЛО ОШИБ. ОПЕРАТОРОВ  0000
           *RЕАD ОLD
           *ЕND FILЕ
 КОНЕЦ ЗАДАЧИ
 00411: 00 074 0000	*74
