                                                      29.05.19 M1

  M O H И T O P-8 0  (3.7)   25.09.84*       (  MC " Д Y Б H A " ИAЭ  )             ШИФP    419999000000







                    ЖЖЖЖ         ЖЖЖ  ЖЖЖЖЖ
                    Ж   Ж       Ж   Ж Ж   Ж
                    Ж   Ж    Ж  Ж   Ж     Ж
                    Ж   Ж   Ж   Ж   Ж    Ж
                    ЖЖЖЖ   Ж    Ж   Ж   Ж
                    Ж           Ж   Ж  Ж
                    Ж            ЖЖЖ   Ж








*NAME P/07
           *PERSO: 401350, CONT
 04.10.84 M1
           *CALL DTRAN:410440(P/07)
                 DTRAN  /01.06.84/
           *CALL PUTFLAG*
 40
           *ASSEM
           *READ: 1
                                                      29.05.19 M1
 ABTOKOД  MADLEN
   (1.10.72)
                    P/07    :  , NAME,        DTRAN  /01.06.84/
 0000                         8, XTA ,
  -                            , ATX ,1
 0001                         8, ATX ,
  -                            , ATX ,2
 0002                          , ATX ,
  -                          15, VLM ,-1
 0003                          , ATX ,
  -                            , Z00 ,*0007B
 0004                          , ATX ,
  -                            , Z00 ,*0011B
 0005                          , OCT ,54
 0006                          , OCT ,4
 0007               *0007B  :  , OCT ,24
 0010                          , OCT ,4
 0011               *0011B  :  , LOG ,7777 7777
 0012                          , OCT ,7777 7777
                               , END ,
 ЧИCЛO ПEPФ. 0018      ЧИCЛO OШИБ. OПEPATOPOB  0000
           *READ OLD
           *END FILE
 КОНЕЦ ЗАДАЧИ
 00411: 00 074 0000	*74
