                                                      29.05.19 M1

  M O H И T O P-8 0  (3.7)   25.09.84*       (  MC " Д Y Б H A " ИAЭ  )             ШИФP    419999000000







                    ЖЖЖЖ         ЖЖЖ  ЖЖЖЖЖ
                    Ж   Ж       Ж   Ж Ж   Ж
                    Ж   Ж    Ж  Ж   Ж Ж   Ж
                    Ж   Ж   Ж   Ж   Ж Ж   Ж
                    ЖЖЖЖ   Ж    Ж   Ж Ж   Ж
                    Ж           Ж   Ж Ж   Ж
                    Ж            ЖЖЖ  Ж   Ж








*NAME P/0П
           *PERSO: 401350, CONT
 04.10.84 M1
           *CALL DTRAN:410440(P/0П)
                 DTRAN  /01.06.84/
           *CALL PUTFLAG*
 40
           *ASSEM
           *READ: 1
                                                      29.05.19 M1
 ABTOKOД  MADLEN
   (1.10.72)
                    P/0П    :  , NAME,        DTRAN  /01.06.84/
 0000                         8, A+X ,
  -                            , ATX ,1
 0001                         8, ATX ,
  -                            , ATX ,4
 0002                          , ATX ,
  -                            , ATX ,7777B
 0003                          , ATX ,
  -                            , Z00 ,*0011B
 0004                          , ATX ,
  -                            , Z00 ,*0015B
 0005                          , OCT ,62
 0006                          , OCT ,54
 0007                          , OCT ,46
 0010                          , OCT ,4
 0011               *0011B  :  , OCT ,16
 0012                          , OCT ,24
 0013                          , OCT ,32
 0014                          , OCT ,4
 0015               *0015B  :  , LOG ,7777 7777 7777
 0016                          , LOG ,7777 0000 7777 7777
 0017                          , LOG ,7777 7777 0000 7777
 0020                          , OCT ,7777 7777 7777
                               , END ,
 ЧИCЛO ПEPФ. 0024      ЧИCЛO OШИБ. OПEPATOPOB  0000
           *READ OLD
           *END FILE
 КОНЕЦ ЗАДАЧИ
 00411: 00 074 0000	*74
