                                                      29.05.19 M1

  M O H И T O P-8 0  (3.7)   25.09.84*       (  MC " Д Y Б H A " ИAЭ  )             ШИФP    419999000000







                    ЖЖЖЖ        ЖЖЖЖ  ЖЖЖЖЖ
                    Ж   Ж       Ж        Ж
                    Ж   Ж    Ж  ЖЖЖЖ    Ж
                    Ж   Ж   Ж       Ж    Ж
                    ЖЖЖЖ   Ж        Ж     Ж
                    Ж           Ж   Ж Ж   Ж
                    Ж            ЖЖЖ   ЖЖЖ








*NAME P/53
           *PERSO: 401350, CONT
 04.10.84 M1
           *CALL DTRAN:410440(P/53)
                 DTRAN  /01.06.84/
           *CALL PUTFLAG*
 40
           *ASSEM
           *READ: 1
                                                      29.05.19 M1
 ABTOKOД  MADLEN
   (1.10.72)
                    P/53    :  , NAME,        DTRAN  /01.06.84/
 0000                         7, MTJ ,5
  -                           5, XTA ,2
 0001                          , ATI ,4
  -                          13, UJ  ,
                               , END ,
 ЧИCЛO ПEPФ. 0006      ЧИCЛO OШИБ. OПEPATOPOB  0000
           *READ OLD
           *END FILE
 КОНЕЦ ЗАДАЧИ
 00411: 00 074 0000	*74
