                                                      29.05.19 M1

  M O H И T O P-8 0  (3.7)   25.09.84*       (  MC " Д Y Б H A " ИAЭ  )             ШИФP    419999000000







                    ЖЖЖЖ         ЖЖЖ   ЖЖЖ
                    Ж   Ж       Ж     Ж   Ж
                    Ж   Ж    Ж  ЖЖЖЖ  Ж   Ж
                    Ж   Ж   Ж   Ж   Ж Ж   Ж
                    ЖЖЖЖ   Ж    Ж   Ж Ж   Ж
                    Ж           Ж   Ж ЖЖЖЖЖ
                    Ж            ЖЖЖ  Ж   Ж








*NAME P/6A
           *PERSO: 401350, CONT
 04.10.84 M1
           *CALL DTRAN:410440(P/6A)
                 DTRAN  /01.06.84/
           *CALL PUTFLAG*
 40
           *ASSEM
           *READ: 1
                                                      29.05.19 M1
 ABTOKOД  MADLEN
   (1.10.72)
                    P/6A    :  , NAME,        DTRAN  /01.06.84/
                    P/7A    :  , SUBP,
 0000                         1, ATX ,5
  -                           1, UTC ,5
 0001                        11, VTM ,
  -                            , UJ  ,P/7A
                               , END ,
 ЧИCЛO ПEPФ. 0007      ЧИCЛO OШИБ. OПEPATOPOB  0000
           *READ OLD
           *END FILE
 КОНЕЦ ЗАДАЧИ
 00411: 00 074 0000	*74
