                                                      29.05.19 M1

  M O H И T O P-8 0  (3.7)   25.09.84*       (  MC " Д Y Б H A " ИAЭ  )             ШИФP    419999000000







                    ЖЖЖЖ         ЖЖЖЖ ЖЖЖЖ
                    Ж   Ж       Ж     Ж   Ж
                    Ж   Ж    Ж  Ж     Ж   Ж
                    Ж   Ж   Ж   Ж     Ж   Ж
                    ЖЖЖЖ   Ж    Ж     ЖЖЖЖ
                    Ж           Ж     Ж
                    Ж            ЖЖЖЖ Ж








*NAME P/CP
           *PERSO: 401350, CONT
 04.10.84 M1
           *CALL DTRAN:410440(P/CP)
                 DTRAN  /01.06.84/
           *CALL PUTFLAG*
 40
           *ASSEM
           *READ: 1
                                                      29.05.19 M1
 ABTOKOД  MADLEN
   (1.10.72)
                    P/CP    :  , NAME,        DTRAN  /01.06.84/
 0000               *0000B  :  , NTR ,
  -                          15, ATX ,
 0001                        15, AMX ,-2
  -   0012                     , U1A ,*0012B
 0002                        15, XTA ,-1
  -
 0003               *0003B  : 1, A*X ,15B
  -                          15, XTS ,-3
 0004                        15, A-X ,-2
  -                          15, XTS ,-2
 0005                        15, AMX ,-1
  -   0011                     , U1A ,*0011B
 0006                          , XTA ,
  -
 0007               *0007B  :15, UTM ,-4
  -                            , NTR ,7
 0010                        13, UJ  ,
  -
 0011               *0011B  : 1, XTA ,10B
  -   0007                     , UJ  ,*0007B
 0012               *0012B  :15, XTA ,-2
  -   0003                     , UJ  ,*0003B
                   C===========================================
 0013               P/AB    :  ,ENTRY,
                   C===========================================
 0013                        13, MTJ ,14
  -   0000                   13, VJM ,*0000B
 0014 0017                     , UZA ,*0017B
  -                          15, XTA ,3
 0015                          , NTR ,27B
  -   0017                     , UZA ,*0017B
 0016                         1, XTA ,10B
  -                          14, UJ  ,
 0017               *0017B  :  , XTA ,
  -                          14, UJ  ,
                               , END ,
 ЧИCЛO ПEPФ. 0034      ЧИCЛO OШИБ. OПEPATOPOB  0000
           *READ OLD
           *END FILE
 КОНЕЦ ЗАДАЧИ
 00411: 00 074 0000	*74
