                                                      29.05.19 M1

  M O H И T O P-8 0  (3.7)   25.09.84*       (  MC " Д Y Б H A " ИAЭ  )             ШИФP    419999000000







                    ЖЖЖЖ        ЖЖЖЖ   ЖЖЖ
                    Ж   Ж       Ж     Ж   Ж
                    Ж   Ж    Ж  ЖЖЖ   Ж   Ж
                    Ж   Ж   Ж   Ж     Ж   Ж
                    ЖЖЖЖ   Ж    Ж     Ж   Ж
                    Ж           Ж     ЖЖЖЖЖ
                    Ж           ЖЖЖЖЖ Ж   Ж








*NAME P/EA
           *PERSO: 401350, CONT
 04.10.84 M1
           *CALL DTRAN:410440(P/EA)
                 DTRAN  /01.06.84/
           *CALL PUTFLAG*
 40
           *ASSEM
           *READ: 1
                                                      29.05.19 M1
 ABTOKOД  MADLEN
   (1.10.72)
                    P/EA    :  , NAME,        DTRAN  /01.06.84/
                    P/HT    :  , SUBP,
                    *OUTPUT*:  , LC  ,30
                    P/7A    :  , SUBP,
                    P/WL    :  , SUBP,
 0000                          , ATI ,14
  -                            , ASN ,64+15
 0001 0004                     , U1A ,*0004B
  -                          14, XTA ,3
 0002 0017                     , UTC ,*0017B  .=7 7777
  -                            , AAX ,
 0003                        13, UJ  ,
  -
 0004 0010          *0004B  :11, VTM ,*0010B  .=6H NOT P
  -                          10, VTM ,51B
 0005                        12, VTM ,*OUTPUT*
  -                          13, VJM ,P/7A
 0006                        13, VJM ,P/WL
  -
 0007                          , UJ  ,P/HT
  -
 0010               *0010B  :  , ISO ,24H NOT POSSIBLE PASCAL P
                                                RO
 0014                          , ISO ,18HC TO FORTRAN SUBR
 0017               *0017B  :  , LOG ,7 7777
                               , END ,
 ЧИCЛO ПEPФ. 0022      ЧИCЛO OШИБ. OПEPATOPOB  0000
           *READ OLD
           *END FILE
 КОНЕЦ ЗАДАЧИ
 00411: 00 074 0000	*74
