                                                      29.05.19 M1

  M O H И T O P-8 0  (3.7)   25.09.84*       (  MC " Д Y Б H A " ИAЭ  )             ШИФP    419999000000







                    ЖЖЖЖ        ЖЖЖЖ  Ж
                    Ж   Ж       Ж     Ж
                    Ж   Ж    Ж  ЖЖЖ   Ж
                    Ж   Ж   Ж   Ж     Ж
                    ЖЖЖЖ   Ж    Ж     Ж
                    Ж           Ж     Ж
                    Ж           ЖЖЖЖЖ ЖЖЖЖЖ








*NAME P/EL
           *PERSO: 401350, CONT
 04.10.84 M1
           *CALL DTRAN:410440(P/EL)
                 DTRAN  /01.06.84/
           *CALL PUTFLAG*
 40
           *ASSEM
           *READ: 1
                                                      29.05.19 M1
 ABTOKOД  MADLEN
   (1.10.72)
                    P/EL    :  , NAME,        DTRAN  /01.06.84/
                    PASEOLSY:  , LC  ,1
 0000                        12, WTC ,
  -                            , XTA ,
 0001                          , UTC ,PASEOLSY
  -                            , AEX ,
 0002 0004                     , UZA ,*0004B
  -                          12, XTA ,30B
 0003                        13, UJ  ,
  -
 0004               *0004B  : 1, XTA ,10B
  -                          13, UJ  ,
                               , DATA,
 0005               /0005B  :  , LOG ,12
                              1, SET ,/0005B
 0006                         1,     ,PASEOLSY
                               , END ,
 ЧИCЛO ПEPФ. 0016      ЧИCЛO OШИБ. OПEPATOPOB  0000
           *READ OLD
           *END FILE
 КОНЕЦ ЗАДАЧИ
 00411: 00 074 0000	*74
