                                                      29.05.19 M1

  M O H И T O P-8 0  (3.7)   25.09.84*       (  MC " Д Y Б H A " ИAЭ  )             ШИФP    419999000000







                    ЖЖЖЖ        ЖЖЖЖ   ЖЖЖ
                    Ж   Ж       Ж     Ж   Ж
                    Ж   Ж    Ж  ЖЖЖ   Ж   Ж
                    Ж   Ж   Ж   Ж     Ж   Ж
                    ЖЖЖЖ   Ж    Ж     Ж Ж Ж
                    Ж           Ж     Ж  ЖЖ
                    Ж           ЖЖЖЖЖ  ЖЖЖ
                                          Ж







*NAME P/EQ
           *PERSO: 401350, CONT
 04.10.84 M1
           *CALL DTRAN:410440(P/EQ)
                 DTRAN  /01.06.84/
           *CALL PUTFLAG*
 40
           *ASSEM
           *READ: 1
                                                      29.05.19 M1
 ABTOKOД  MADLEN
   (1.10.72)
                    P/EQ    :  , NAME,        DTRAN  /01.06.84/
 0000               *0000B  :12, XTA ,
  -                          14, AEX ,
 0001 0004                     , U1A ,*0004B
  -                          12, UTM ,1
 0002                        14, UTM ,1
  -   0000                   11, VLM ,*0000B
 0003               *0003B  : 1, XTA ,10B
  -                          13, UJ  ,
 0004               *0004B  :  , XTA ,
  -                          13, UJ  ,
                   C===========================================
 0005               P/GE    :  ,ENTRY,
                   C===========================================
 0005               *0005B  :12, XTA ,
  -                          14, AEX ,
 0006 0011                     , U1A ,*0011B
  -                          12, UTM ,1
 0007                        14, UTM ,1
  -   0005                   11, VLM ,*0005B
 0010 0003                     , UJ  ,*0003B
  -
 0011               *0011B  :12, XTA ,
  -                           1, AEX ,24B
 0012                        14, ARX ,
  -   0004                     , U1A ,*0004B
 0013 0003                     , UJ  ,*0003B
  -
                               , END ,
 ЧИCЛO ПEPФ. 0027      ЧИCЛO OШИБ. OПEPATOPOB  0000
           *READ OLD
           *END FILE
 КОНЕЦ ЗАДАЧИ
 00411: 00 074 0000	*74
