                                                      29.05.19 M1

  M O H И T O P-8 0  (3.7)   25.09.84*       (  MC " Д Y Б H A " ИAЭ  )             ШИФP    419999000000







                    ЖЖЖЖ        Ж     Ж   Ж
                    Ж   Ж       Ж     Ж   Ж
                    Ж   Ж    Ж  Ж     Ж   Ж
                    Ж   Ж   Ж   Ж     Ж   Ж
                    ЖЖЖЖ   Ж    Ж     Ж   Ж
                    Ж           Ж      Ж Ж
                    Ж           ЖЖЖЖЖ   Ж








*NAME P/LV
           *PERSO: 401350, CONT
 04.10.84 M1
           *CALL DTRAN:410440(P/LV)
                 DTRAN  /01.06.84/
           *CALL PUTFLAG*
 40
           *ASSEM
           *READ: 1
                                                      29.05.19 M1
 ABTOKOД  MADLEN
   (1.10.72)
                    P/LV    :  , NAME,        DTRAN  /01.06.84/
                    P/BX    :  , SUBP,
                    P/EN    :  , SUBP,
 0000                        11, VJM ,P/BX
  -
 0001                        13, VJM ,P/EN
  -
 0002                        14, UJ  ,
  -
                               , END ,
 ЧИCЛO ПEPФ. 0007      ЧИCЛO OШИБ. OПEPATOPOB  0000
           *READ OLD
           *END FILE
 КОНЕЦ ЗАДАЧИ
 00411: 00 074 0000	*74
