                                                      29.05.19 M1

  M O H И T O P-8 0  (3.7)   25.09.84*       (  MC " Д Y Б H A " ИAЭ  )             ШИФP    419999000000







                    ЖЖЖЖ        Ж   Ж  ЖЖЖ
                    Ж   Ж       ЖЖ ЖЖ   Ж
                    Ж   Ж    Ж  Ж Ж Ж   Ж
                    Ж   Ж   Ж   Ж Ж Ж   Ж
                    ЖЖЖЖ   Ж    Ж   Ж   Ж
                    Ж           Ж   Ж   Ж
                    Ж           Ж   Ж  ЖЖЖ








*NAME P/MI
           *PERSO: 401350, CONT
 04.10.84 M1
           *CALL DTRAN:410440(P/MI)
                 DTRAN  /01.06.84/
           *CALL PUTFLAG*
 40
           *ASSEM
           *READ: 1
                                                      29.05.19 M1
 ABTOKOД  MADLEN
   (1.10.72)
                    P/MI    :  , NAME,        DTRAN  /01.06.84/
 0000                        15, ATX ,1
  -                            , YTA ,100B
 0001                        15, AEX ,1
  -                           1, AAX ,13B
 0002                        15, AEX ,1
  -                          13, UJ  ,
                               , END ,
 ЧИCЛO ПEPФ. 0008      ЧИCЛO OШИБ. OПEPATOPOB  0000
           *READ OLD
           *END FILE
 КОНЕЦ ЗАДАЧИ
 00411: 00 074 0000	*74
