                                                      29.05.19 M1

  M O H И T O P-8 0  (3.7)   25.09.84*       (  MC " Д Y Б H A " ИAЭ  )             ШИФP    419999000000







                    ЖЖЖЖ        ЖЖЖЖ   ЖЖЖ
                    Ж   Ж       Ж   Ж Ж   Ж
                    Ж   Ж    Ж  Ж   Ж Ж   Ж
                    Ж   Ж   Ж   Ж   Ж Ж   Ж
                    ЖЖЖЖ   Ж    ЖЖЖЖ  Ж   Ж
                    Ж           Ж     ЖЖЖЖЖ
                    Ж           Ж     Ж   Ж








*NAME P/PA
           *PERSO: 401350, CONT
 04.10.84 M1
           *CALL DTRAN:410440(P/PA)
                 DTRAN  /01.06.84/
           *CALL PUTFLAG*
 40
           *ASSEM
           *READ: 1
                                                      29.05.19 M1
 ABTOKOД  MADLEN
   (1.10.72)
                    P/PA    :  , NAME,        DTRAN  /01.06.84/
 0000                          , XTA ,
  -                          15, ATX ,1
 0001                        14, VTM ,-4
  -
 0002               *0002B  :14, UTC ,
  -                          12, XTA ,4
 0003                        15, AOX ,1
  -                            , ASN ,64-8
 0004                        15, ATX ,1
  -   0002                   14, VLM ,*0002B
 0005                        12, XTA ,5
  -                          15, AOX ,1
 0006                        13, UJ  ,
  -
                               , END ,
 ЧИCЛO ПEPФ. 0014      ЧИCЛO OШИБ. OПEPATOPOB  0000
           *READ OLD
           *END FILE
 КОНЕЦ ЗАДАЧИ
 00411: 00 074 0000	*74
