                                                      29.05.19 M1

  M O H И T O P-8 0  (3.7)   25.09.84*       (  MC " Д Y Б H A " ИAЭ  )             ШИФP    419999000000







                    ЖЖЖЖ        ЖЖЖЖ   ЖЖЖ
                    Ж   Ж       Ж   Ж   Ж
                    Ж   Ж    Ж  Ж   Ж   Ж
                    Ж   Ж   Ж   Ж   Ж   Ж
                    ЖЖЖЖ   Ж    ЖЖЖЖ    Ж
                    Ж           Ж       Ж
                    Ж           Ж      ЖЖЖ








*NAME P/PI
           *PERSO: 401350, CONT
 04.10.84 M1
           *CALL DTRAN:410440(P/PI)
                 DTRAN  /01.06.84/
           *CALL PUTFLAG*
 40
           *ASSEM
           *READ: 1
                                                      29.05.19 M1
 ABTOKOД  MADLEN
   (1.10.72)
                    P/PI    :  , NAME,        DTRAN  /01.06.84/
 0000                          , NTR ,3
  -                          15, A-X ,-1
 0001 0005                     , U1A ,*0005B
  -                            , STI ,14
 0002                          , ATI ,12
  -                           1, XTA ,24B
 0003                        14, ASN ,64-47
  -                          12, ASN ,64
 0004                        13, UJ  ,
  -
 0005               *0005B  :15, UTM ,-1
  -                            , XTA ,
 0006                        13, UJ  ,
  -
                               , END ,
 ЧИCЛO ПEPФ. 0014      ЧИCЛO OШИБ. OПEPATOPOB  0000
           *READ OLD
           *END FILE
 КОНЕЦ ЗАДАЧИ
 00411: 00 074 0000	*74
