                                                      29.05.19 M1

  M O H И T O P-8 0  (3.7)   25.09.84*       (  MC " Д Y Б H A " ИAЭ  )             ШИФP    419999000000







                    ЖЖЖЖ        ЖЖЖЖ   ЖЖЖ
                    Ж   Ж       Ж   Ж Ж   Ж
                    Ж   Ж    Ж  Ж   Ж Ж   Ж
                    Ж   Ж   Ж   ЖЖЖЖ  Ж   Ж
                    ЖЖЖЖ   Ж    Ж Ж   Ж   Ж
                    Ж           Ж  Ж  ЖЖЖЖЖ
                    Ж           Ж   Ж Ж   Ж








*NAME P/RA
           *PERSO: 401350, CONT
 04.10.84 M1
           *CALL DTRAN:410440(P/RA)
                 DTRAN  /01.06.84/
           *CALL PUTFLAG*
 40
           *ASSEM
           *READ: 1
                                                      29.05.19 M1
 ABTOKOД  MADLEN
   (1.10.72)
                    P/RA    :  , NAME,        DTRAN  /01.06.84/
                    PASHID  :  , SUBP,
                    PASDIH  :  , SUBP,
                    P/GF    :  , SUBP,
 0000                         9, MTJ ,11
  -                           9, VTM ,-1
 0001                        14, VJM ,PASHID
  -
 0002                        11, MTJ ,6
  -                          10, MTJ ,5
 0003 0010          *0003B  : 5, VZM ,*0010B
  -                          12, WTC ,
 0004                          , XTA ,
  -                           6, ATX ,
 0005                        13, VJM ,P/GF
  -
 0006                         6, UTM ,1
  -                           5, UTM ,-1
 0007 0003                     , UJ  ,*0003B
  -
 0010               *0010B  : 9, VTM ,-1
  -                            , UJ  ,PASDIH
                               , END ,
 ЧИCЛO ПEPФ. 0020      ЧИCЛO OШИБ. OПEPATOPOB  0000
           *READ OLD
           *END FILE
 КОНЕЦ ЗАДАЧИ
 00411: 00 074 0000	*74
