                                                      29.05.19 M1

  M O H И T O P-8 0  (3.7)   25.09.84*       (  MC " Д Y Б H A " ИAЭ  )             ШИФP    419999000000







                    ЖЖЖЖ        ЖЖЖЖ   ЖЖЖ  Ж     Ж   Ж
                    Ж   Ж       Ж   Ж   Ж   Ж     ЖЖ  Ж
                    Ж   Ж    Ж  Ж   Ж   Ж   Ж     Ж Ж Ж
                    Ж   Ж   Ж   ЖЖЖЖ    Ж   Ж     Ж  ЖЖ
                    ЖЖЖЖ   Ж    Ж Ж     Ж   Ж     Ж   Ж
                    Ж           Ж  Ж    Ж   Ж     Ж   Ж
                    Ж           Ж   Ж  ЖЖЖ  ЖЖЖЖЖ Ж   Ж








*NAME P/RILN
           *PERSO: 401350, CONT
 04.10.84 M1
           *CALL DTRAN:410440(P/RILN)
                 DTRAN  /01.06.84/
           *CALL PUTFLAG*
 40
           *ASSEM
           *READ: 1
                                                      29.05.19 M1
 ABTOKOД  MADLEN
   (1.10.72)
                    P/RILN  :  , NAME,        DTRAN  /01.06.84/
                    P/GF    :  , SUBP,
                    *INPUT* :  , LC  ,20
                    P/EL    :  , SUBP,
 0000                        12, VTM ,*INPUT*
                   C===========================================
  -
 0001               P/RL    :  ,ENTRY,
                   C===========================================
 0001                          , ITA ,13
  -                          15, ATX ,
 0002               *0002B  :13, VJM ,P/EL
  -
 0003 0005                     , U1A ,*0005B
  -   0002                   13, VTM ,*0002B
 0004                          , UJ  ,P/GF
  -
 0005               *0005B  :13, VJM ,P/GF
  -
 0006                        15, WTC ,
  -                            , UJ  ,
                               , END ,
 ЧИCЛO ПEPФ. 0018      ЧИCЛO OШИБ. OПEPATOPOB  0000
           *READ OLD
           *END FILE
 КОНЕЦ ЗАДАЧИ
 00411: 00 074 0000	*74
