                                                      29.05.19 M1

  M O H И T O P-8 0  (3.7)   25.09.84*       (  MC " Д Y Б H A " ИAЭ  )             ШИФP    419999000000







                    ЖЖЖЖ   ЖЖЖ   ЖЖЖ  Ж   Ж  ЖЖЖ  ЖЖЖЖЖ Ж   Ж ЖЖЖЖЖ
                    Ж   Ж Ж   Ж Ж     ЖЖ ЖЖ   Ж     Ж    Ж Ж    Ж
                    Ж   Ж Ж   Ж  ЖЖЖ  Ж Ж Ж   Ж     Ж     Ж     Ж
                    Ж   Ж Ж   Ж     Ж Ж Ж Ж   Ж     Ж    Ж Ж    Ж
                    ЖЖЖЖ  Ж   Ж     Ж Ж   Ж   Ж     Ж   Ж   Ж   Ж
                    Ж     ЖЖЖЖЖ Ж   Ж Ж   Ж   Ж     Ж   Ж   Ж   Ж
                    Ж     Ж   Ж  ЖЖЖ  Ж   Ж  ЖЖЖ    Ж   Ж   Ж   Ж








*NAME PASMITXT
           *PERSO: 401350, CONT
 04.10.84 M1
           *CALL DTRAN:410440(PASMITXT)
                 DTRAN  /01.06.84/
           *CALL PUTFLAG*
 40
           *ASSEM
           *READ: 1
                                                      29.05.19 M1
 ABTOKOД  MADLEN
   (1.10.72)
                    PASMITXT:  , NAME,        DTRAN  /01.06.84/
 0000                        15, ATX ,
  -                           1, AAX ,10B
 0001                          , STI ,11
  -                            , ASN ,64+1
 0002                          , ATI ,14
  -   0006                   14, UTC ,*0006B
 0003                          , XTA ,
  -   0005                   11, V1M ,*0005B
 0004                          , ASN ,64+24
  -
 0005               *0005B  :13, UJ  ,
  -
 0006 0113          *0006B  :  , UTC ,*0113B  .=6460 4502 7145
                                                6443
  -   0117                     , UTC ,*0117B  .=:5045 6400 5007
                                                 004
 0007 0124                     , UTC ,*0124B  .=704 4550 6407 0
                                                507
  -   0130                     , UTC ,*0130B  .=:5045 6400 0704
                                                 455
 0010 0133                     , UTC ,*0133B  .=704 4550 6400 5
                                                045
  -   0136                     , UTC ,*0136B  .=6460 4502 7145
                                                6443
 0011 0141                     , UTC ,*0141B  .=5045 6400 5357
                                                5043
  -   0143                     , UTC ,*0143B  .=6460 4502 7145
                                                6443
 0012 0147                     , UTC ,*0147B  .=5045 0007 5004
                                                4553
  -   0151                     , UTC ,*0151B  .=6407 3400 5045
                                                0004
 0013 0155                     , UTC ,*0155B  .=5357 5043 6441
                                                5064
  -   0161                     , UTC ,*0161B  .=704 4550 6407 0
                                                507
 0014 0165                     , UTC ,*0165B  .=5045 3460 4142
                                                0714
  -   0170                     , UTC ,*0170B  .=:3445 6045 5545
                                                 505
 0015 0173                     , UTC ,*0173B  .=4237 6041 1600
                                                5045
  -   0176                     , UTC ,*0176B  .=4200 5734 4560
                                                4164
 0016 0204                     , UTC ,*0204B  .=5545 6453 4100
                                                5045
  -   0212                     , UTC ,*0212B  .=5545 6453 4100
                                                7116
 0017 0216                     , UTC ,*0216B  .=5545 6453 4100
                                                5045
  -   0221                     , UTC ,*0221B  .=:5045 0004 5714
                                                 165
 0020 0227                     , UTC ,*0227B  .=307 0560 4100 0
                                                257
  -   0231                     , UTC ,*0231B  .=6460 4502 7177
                                                6443
 0021 0235                     , UTC ,*0235B  .=5045 3460 4142
                                                0714
  -   0242                     , UTC ,*0242B  .=704 4550 6407 0
                                                507
 0022 0247                     , UTC ,*0247B  .=4237 6041 1645
                                                5007
  -   0255                     , UTC ,*0255B  .=4237 6041 1645
                                                5007
 0023 0261                     , UTC ,*0261B  .=5341 5300 3441
                                                6041
  -   0270                     , UTC ,*0270B  .=5071 1650 4100
                                                3445
 0024 0275                     , UTC ,*0275B  .=6041 0257 6441
                                                0043
  -   0303                     , UTC ,*0303B  .=750 0445 5343 0
                                                050
 0025 0310                     , UTC ,*0310B  .=5045 6400 3460
                                                5743
  -   0314                     , UTC ,*0314B  .=5045 0043 5757
                                                6442
 0026 0321                     , UTC ,*0321B  .=5045 3460 4142
                                                0714
  -   0325                     , UTC ,*0325B  .=5045 0457 3471
                                                4364
 0027 0331                     , UTC ,*0331B  .=6407 3400 5045
                                                0043
  -   0336                     , UTC ,*0336B  .=4264 5760 5713
                                                0043
 0030 0344                     , UTC ,*0344B  .=:5541 1457 0034
                                                 416
  -   0346                     , UTC ,*0346B  .=541 1314 4100 5
                                                156
 0031 0354                     , UTC ,*0354B  .=5550 5706 5700
                                                3441
  -   0357                     , UTC ,*0357B  .=5045 4357 5764
                                                4245
 0032 0365                     , UTC ,*0365B  .=5045 4357 5764
                                                4245
  -   0373                     , UTC ,*0373B  .=5045 6400 4041
                                                3415
 0033 0401                     , UTC ,*0401B  .=5045 6400 4334
                                                0743
  -   0404                     , UTC ,*0404B  .=:4314 0773 5357
                                                 55
 0034 0407                     , UTC ,*0407B  .=5045 3460 4142
                                                0714
  -   0415                     , UTC ,*0415B  .=:5045 6400 5764
                                                 536
 0035 0421                     , UTC ,*0421B  .=5045 6400 3445
                                                6045
  -   0425                     , UTC ,*0425B  .=5045 6400 3445
                                                6045
 0036 0431                     , UTC ,*0431B  .=:4314 0773 5357
                                                 55
  -   0435                     , UTC ,*0435B  .=:4314 0773 5357
                                                 55
 0037 0441                     , UTC ,*0441B  .=:3445 6045 3457
                                                 145
  -   0445                     , UTC ,*0445B  .=:3445 6045 3457
                                                 14
 0040 0450                     , UTC ,*0450B  .=4243 6460 4564
                                                0714
  -   0453                     , UTC ,*0453B  .=:4314 0773 5357
                                                 55
 0041 0456                     , UTC ,*0456B  .=5773 0702 5341
                                                0042
  -   0462                     , UTC ,*0462B  .=:4200 7607 4314
                                                 45
 0042 0465                     , UTC ,*0465B  .=3457 4314 4500
                                                6457
  -   0470                     , UTC ,*0470B  .=5045 6400 3457
                                                6015
 0043 0474                     , UTC ,*0474B  .=:3457 6015 0457
                                                 53
  -   0477                     , UTC ,*0477B  .=4200 4364 6057
                                                5345
 0044 0502                     , UTC ,*0502B  .=307 0560 4100 3
                                                457
  -   0506                     , UTC ,*0506B  .=3471 4364 4115
                                                0043
 0045 0510                     , UTC ,*0510B  .=5045 6400 0345
                                                1457
  -   0512                     , UTC ,*0512B  .=5045 3460 4142
                                                0064
 0046 0517                     , UTC ,*0517B  .=5773 0702 5341
                                                0034
  -   0524                     , UTC ,*0524B  .=5045 1432 4015
                                                0034
 0047 0527                     , UTC ,*0527B  .=6460 4502 7145
                                                6443
  -   0533                     , UTC ,*0533B  .=:3457 4314 4500
                                                 075
 0050 0537                     , UTC ,*0537B  .=743 3457 1432 4
                                                057
  -   0544                     , UTC ,*0544B  .=5507 5071 4300
                                                5045
 0051 0550                     , UTC ,*0550B  .=5045 6400 5007
                                                0064
  -   0553                     , UTC ,*0553B  .=:5734 4560 4164
                                                 576
 0052 0557                     , UTC ,*0557B  .=:5734 4560 4164
                                                 576
  -   0563                     , UTC ,*0563B  .=442 4500 6041 4
                                                250
 0053 0566                     , UTC ,*0566B  .=6041 4050 3745
                                                0064
  -   0573                     , UTC ,*0573B  .=5045 1432 4015
                                                0034
 0054 0576                     , UTC ,*0576B  .=5045 3460 0050
                                                5755
  -   0602                     , UTC ,*0602B  .=:5045 6400 5765
                                                 646
 0055 0604                     , UTC ,*0604B  .=3460 4504 5734
                                                6045
  -   0610                     , UTC ,*0610B  .=:5045 0004 5757
                                                 346
 0056 0612                     , UTC ,*0612B  .=5045 0057 3460
                                                4504
  -   0616                     , UTC ,*0616B  .=:4314 0773 5357
                                                 55
 0057 0623                     , UTC ,*0623B  .=3460 4504 3704
                                                7175
  -   0630                     , UTC ,*0630B  .=3457 4264 5760
                                                0034
 0060 0633                     , UTC ,*0633B  .=5773 0702 5341
                                                0042
  -   0637                     , UTC ,*0637B  .=:5045 0004 5757
                                                 346
 0061 0642                     , UTC ,*0642B  .=6460 4502 7145
                                                6443
  -   0644                     , UTC ,*0644B  .=:5550 5706 5700
                                                 427
 0062 0646                     , UTC ,*0646B  .=6041 4050 3745
                                                0064
  -   0652                     , UTC ,*0652B  .=:0345 1457 4512
 0063 0653                     , UTC ,*0653B  .=5734 6045 0400
                                                5545
  -   0656                     , UTC ,*0656B  .=1445 4241 1500
                                                4353
 0064 0656                     , UTC ,*0656B  .=1445 4241 1500
                                                4353
  -   0656                     , UTC ,*0656B  .=1445 4241 1500
                                                4353
 0065 0656                     , UTC ,*0656B  .=1445 4241 1500
                                                4353
  -   0656                     , UTC ,*0656B  .=1445 4241 1500
                                                4353
 0066 0660                     , UTC ,*0660B  .=3460 4142 4115
                                                0043
  -   0660                     , UTC ,*0660B  .=3460 4142 4115
                                                0043
 0067 0660                     , UTC ,*0660B  .=3460 4142 4115
                                                0043
  -   0660                     , UTC ,*0660B  .=3460 4142 4115
                                                0043
 0070 0660                     , UTC ,*0660B  .=3460 4142 4115
                                                0043
  -   0662                     , UTC ,*0662B  .=:3460 4142 0053
                                                 42
 0071 0664                     , UTC ,*0664B  .=4041 3415 6441
                                                1512
  -   0665                     , UTC ,*0665B  .=:6457 7653 4100
                                                 43
 0072 0667                     , UTC ,*0667B  .=64 5776 5341 12
                                                00
  -   0665                     , UTC ,*0665B  .=:6457 7653 4100
                                                 43
 0073 0670                     , UTC ,*0670B  .=442 5745 6457 7
                                                607
  -   0672                     , UTC ,*0672B  .=3460 0743 4241
                                                0742
 0074 0674                     , UTC ,*0674B  .=42 4547 5156 12
                                                00
  -   0674                     , UTC ,*0674B  .=42 4547 5156 12
                                                00
 0075 0674                     , UTC ,*0674B  .=42 4547 5156 12
                                                00
  -   0674                     , UTC ,*0674B  .=42 4547 5156 12
                                                00
 0076 0674                     , UTC ,*0674B  .=42 4547 5156 12
                                                00
  -   0674                     , UTC ,*0674B  .=42 4547 5156 12
                                                00
 0077 0674                     , UTC ,*0674B  .=42 4547 5156 12
                                                00
  -   0674                     , UTC ,*0674B  .=42 4547 5156 12
                                                00
 0100 0674                     , UTC ,*0674B  .=42 4547 5156 12
                                                00
  -   0674                     , UTC ,*0674B  .=42 4547 5156 12
                                                00
 0101 0674                     , UTC ,*0674B  .=42 4547 5156 12
                                                00
  -   0674                     , UTC ,*0674B  .=42 4547 5156 12
                                                00
 0102 0675                     , UTC ,*0675B  .=:0045 5644 12
  -   0675                     , UTC ,*0675B  .=:0045 5644 12
 0103 0675                     , UTC ,*0675B  .=:0045 5644 12
  -   0675                     , UTC ,*0675B  .=:0045 5644 12
 0104 0675                     , UTC ,*0675B  .=:0045 5644 12
  -   0675                     , UTC ,*0675B  .=:0045 5644 12
 0105 0675                     , UTC ,*0675B  .=:0045 5644 12
  -   0675                     , UTC ,*0675B  .=:0045 5644 12
 0106 0676                     , UTC ,*0676B  .=65 5664 5154 12
                                                00
  -   0676                     , UTC ,*0676B  .=65 5664 5154 12
                                                00
 0107 0677                     , UTC ,*0677B  .=:0057 4612
  -   0700                     , UTC ,*0700B  .=:0044 5712
 0110 0701                     , UTC ,*0701B  .=:0064 5045 5612
  -   0701                     , UTC ,*0701B  .=:0064 5045 5612
 0111 0701                     , UTC ,*0701B  .=:0064 5045 5612
  -   0702                     , UTC ,*0702B  .=6062 5747 6241
                                                5512
 0112 0702                     , UTC ,*0702B  .=6062 5747 6241
                                                5512
  -
 0113               *0113B  :  , LOG ,6460 4502 7145 6443
 0114                          , LOG ,1500 1457 0607 7645
 0115                          , OCT ,4353 5745 0042 376
 0116                          , OCT ,4116 4550 0745 12
 0117               *0117B  :  , OCT ,5045 6400 5007 004
 0120                          , OCT ,4134 1564 5713 005
 0121                          , OCT ,0700 6457 7653 07
 0122                          , LOG ,4300 4041 3415 6457
 0123                          , OCT ,1312
 0124               *0124B  :  , LOG ,704 4550 6407 0507
 0125                          , LOG ,5341 6457 6000 7116
 0126                          , LOG ,4500 5734 6045 0445
 0127                          , OCT ,1445 5012
 0130               *0130B  :  , OCT ,5045 6400 0704 455
 0131                          , LOG ,6407 0507 5341 6457
 0132                          , OCT ,6041 12
 0133               *0133B  :  , LOG ,704 4550 6400 5045
 0134                          , LOG ,7 0445 5064 0064
 0135                          , OCT ,0734 4112
 0136               *0136B  :  , LOG ,6460 4502 7145 6443
 0137                          , LOG ,1500 3460 5743 6457
 0140                          , OCT ,1300 6407 3412
 0141               *0141B  :  , LOG ,5045 6400 5357 5043
 0142                          , OCT ,6441 5064 3712
 0143               *0143B  :  , LOG ,6460 4502 7145 6443
 0144                          , LOG ,1500 5357 5043 6441
 0145                          , LOG ,5064 4100 0750 5706
 0146                          , OCT ,5700 6407 3441 12
 0147               *0147B  :  , LOG ,5045 0007 5004 4553
 0150                          , OCT ,4350 0064 0734 12
 0151               *0151B  :  , LOG ,6407 3400 5045 0004
 0152                          , LOG ,5714 1645 5000 0237
 0153                          , LOG ,6432 0005 4113 1457
 0154                          , OCT ,4237 5512
 0155               *0155B  :  , LOG ,5357 5043 6441 5064
 0156                          , LOG ,4100 5045 0004 0753
 0157                          , LOG ,6035 7134 5760 0064
 0160                          , OCT ,0734 4112
 0161               *0161B  :  , LOG ,704 4550 6407 0507
 0162                          , LOG ,5341 6457 6000 5045
 0163                          , LOG ,57 3460 4504 4514
 0164                          , OCT ,4550 12
 0165               *0165B  :  , LOG ,5045 3460 4142 0714
 0166                          , LOG ,3250 3713 0043 0755
 0167                          , OCT ,4257 1412
 0170               *0170B  :  , OCT ,3445 6045 5545 505
 0171                          , LOG ,4115 0050 4500 7153
 0172                          , LOG ,4140 4164 4514 3212
 0173               *0173B  :  , LOG ,4237 6041 1600 5045
 0174                          , LOG ,3 4514 5706 5700
 0175                          , OCT ,6407 3441 12
 0176               *0176B  :  , LOG ,4200 5734 4560 4164
 0177                          , LOG ,5760 4500 4262 4156
 0200                          , OCT ,4350 0050 4514 324
 0201                          , LOG ,1500 4300 0345 1437
 0202                          , LOG ,5507 0055 4564 5341
 0203                          , OCT ,5507 12
 0204               *0204B  :  , LOG ,5545 6453 4100 5045
 0205                          , LOG ,57 3460 4504 4514
 0206                          , LOG ,4550 4100 4200 4334
 0207                          , LOG ,743 5345 0055 4564
 0210                          , LOG ,5753 0002 1457 5341
 0211                          , OCT ,12
 0212               *0212B  :  , LOG ,5545 6453 4100 7116
 0213                          , LOG ,4500 5734 6045 0445
 0214                          , LOG ,1445 5041 0042 0043
 0215                          , OCT ,6460 5753 4512
 0216               *0216B  :  , LOG ,5545 6453 4100 5045
 0217                          , LOG ,57 3460 4504 4514
 0220                          , OCT ,4550 4112
 0221               *0221B  :  , OCT ,5045 0004 5714 165
 0222                          , LOG ,5700 0237 6432 0042
 0223                          , LOG ,3760 4116 4550 0745
 0224                          , LOG ,43 6460 7153 6471
 0225                          , LOG ,6050 5706 5700 6407
 0226                          , OCT ,3441 12
 0227               *0227B  :  , LOG ,307 0560 4100 0257
 0230                          , OCT ,1432 7345 0027 12
 0231               *0231B  :  , LOG ,6460 4502 7177 6443
 0232                          , LOG ,1500 0460 7106 0745
 0233                          , LOG ,64 0734 3700 5734
 0234                          , LOG ,4560 4150 0457 4212
 0235               *0235B  :  , LOG ,5045 3460 4142 0714
 0236                          , LOG ,3250 3713 0064 0734
 0237                          , LOG ,34 4560 4555 4550
 0240                          , LOG ,5057 1300 3445 6045
 0241                          , OCT ,0412
 0242               *0242B  :  , LOG ,704 4550 6407 0507
 0243                          , LOG ,5341 6457 6000 6407
 0244                          , LOG ,3441 0042 5545 4364
 0245                          , LOG ,5700 3445 6045 5545
 0246                          , OCT ,5050 5713 12
 0247               *0247B  :  , LOG ,4237 6041 1645 5007
 0250                          , LOG ,1500 4200 5357 5043
 0251                          , LOG ,6460 7153 6457 6045
 0252                          , LOG ,55 5057 1645 4364
 0253                          , LOG ,4200 5045 4357 4255
 0254                          , OCT ,0064 0734 4112
 0255               *0255B  :  , LOG ,4237 6041 1645 5007
 0256                          , LOG ,4500 5045 0004 0743
 0257                          , OCT ,5360 0071 3457 6
 0260                          , OCT ,6407 3441 12
 0261               *0261B  :  , LOG ,5341 5300 3441 6041
 0262                          , LOG ,5545 6460 3700 4364
 0263                          , LOG ,4150 0400 3460 5703
 0264                          , LOG ,7 0005 7150 5303
 0265                          , LOG ,707 0050 4500 3445
 0266                          , LOG ,6045 0441 7764 4315
 0267                          , OCT ,12
 0270               *0270B  :  , LOG ,5071 1650 4100 3445
 0271                          , LOG ,6045 5545 5050 4115
 0272                          , LOG ,3543 6457 0764 0042
 0273                          , LOG ,3760 4116 4550 0745
 0274                          , OCT ,12
 0275               *0275B  :  , LOG ,6041 0257 6441 0043
 0276                          , LOG ,34 4560 4555 4550
 0277                          , LOG ,5057 1300 3457 4314
 0300                          , LOG ,4500 0750 0445 5343
 0301                          , LOG ,4103 0707 0071 3441
 0302                          , OCT ,5300 5541 4343 12
 0303               *0303B  :  , LOG ,750 0445 5343 0050
 0304                          , OCT ,4500 1445 1607 64
 0305                          , LOG ,4200 6460 4502 7145
 0306                          , LOG ,5557 5500 5764 6045
 0307                          , OCT ,4053 4512
 0310               *0310B  :  , LOG ,5045 6400 3460 5743
 0311                          , LOG ,6457 1300 3445 6045
 0312                          , LOG ,5500 0414 1500 0307
 0313                          , OCT ,5314 4112
 0314               *0314B  :  , LOG ,5045 0043 5757 6442
 0315                          , LOG ,64 0734 3700 3445
 0316                          , LOG ,6045 5545 5050 5713
 0317                          , LOG ,3 0753 1441 0007
 0320                          , OCT ,0042 3760 12
 0321               *0321B  :  , LOG ,5045 3460 4142 0714
 0322                          , LOG ,3250 5700 5041 7607
 0323                          , LOG ,5041 4564 4315 0057
 0324                          , LOG ,3445 6041 6457 6012
 0325               *0325B  :  , LOG ,5045 0457 3471 4364
 0326                          , LOG ,64 0734 3700 3460
 0327                          , LOG ,700 3460 0743 4241
 0330                          , OCT ,0742 4150 0707 12
 0331               *0331B  :  , LOG ,6407 3400 5045 0043
 0332                          , LOG ,5757 6442 4564 4364
 0333                          , LOG ,64 0734 7100 7414
 0334                          , LOG ,4555 4550 6441 0005
 0335                          , OCT ,4113 1441 12
 0336               *0336B  :  , LOG ,4264 5760 5713 0043
 0337                          , LOG ,3445 0307 0507 5341
 0340                          , OCT ,6457 6000 0414 15
 0341                          , LOG ,6762 5164 4500 6457
 0342                          , LOG ,1432 5357 0004 1415
 0343                          , OCT ,0062 4541 5412
 0344               *0344B  :  , OCT ,5541 1457 0034 416
 0345                          , LOG ,4155 4564 6057 4212
 0346               *0346B  :  , LOG ,541 1314 4100 5156
 0347                          , OCT ,6065 6400 5045 64
 0350                          , LOG ,4200 4334 0743 5345
 0351                          , LOG ,34 4160 4155 4564
 0352                          , LOG ,6057 4200 3460 5706
 0353                          , OCT ,6041 5555 3712
 0354               *0354B  :  , LOG ,5550 5706 5700 3441
 0355                          , LOG ,6041 5545 6460 5742
 0356                          , OCT ,12
 0357               *0357B  :  , LOG ,5045 4357 5764 4245
 0360                          , LOG ,6443 6442 0745 0042
 0361                          , LOG ,704 5742 0034 4160
 0362                          , OCT ,4155 4564 6057 42
 0363                          , LOG ,3460 0700 4237 4057
 0364                          , OCT ,4245 12
 0365               *0365B  :  , LOG ,5045 4357 5764 4245
 0366                          , OCT ,4364 4364 4207 45
 0367                          , LOG ,6407 3457 4200 3441
 0370                          , LOG ,6041 5545 6460 5742
 0371                          , LOG ,34 6007 0042 3740
 0372                          , OCT ,5742 4512
 0373               *0373B  :  , LOG ,5045 6400 4041 3415
 0374                          , LOG ,6400 0714 0700 4353
 0375                          , LOG ,5702 5307 0007 1407
 0376                          , LOG ,55 4114 5700 3441
 0377                          , LOG ,6041 5545 6460 5742
 0400                          , OCT ,12
 0401               *0401B  :  , LOG ,5045 6400 4334 0743
 0402                          , LOG ,5341 0034 4160 4155
 0403                          , OCT ,4564 6057 4212
 0404               *0404B  :  , OCT ,4314 0773 5357 55
 0405                          , OCT ,0257 1432 7357 45
 0406                          , OCT ,7607 4314 5712
 0407               *0407B  :  , LOG ,5045 3460 4142 0714
 0410                          , LOG ,3250 5745 0071 3457
 0411                          , LOG ,6460 0007 0445 5064
 0412                          , LOG ,43 6441 5004 0034
 0413                          , OCT ,6057 0300 0714 07
 0414                          , LOG ,571 5053 0307 0712
 0415               *0415B  :  , OCT ,5045 6400 5764 536
 0416                          , LOG ,43 5357 0200 0414
 0417                          , OCT ,1500 4364 4150 04
 0420                          , OCT ,3460 5703 12
 0421               *0421B  :  , LOG ,5045 6400 3445 6045
 0422                          , LOG ,5545 5050 5713 0004
 0423                          , LOG ,1415 0043 6441 5004
 0424                          , OCT ,0034 6057 0312
 0425               *0425B  :  , LOG ,5045 6400 3445 6045
 0426                          , LOG ,5545 5050 5713 0064
 0427                          , LOG ,734 4100 0541 1314
 0430                          , OCT ,12
 0431               *0431B  :  , OCT ,4314 0773 5357 55
 0432                          , OCT ,4314 5716 5041 15
 0433                          , OCT ,3445 6045 5545 505
 0434                          , OCT ,4115 12
 0435               *0435B  :  , OCT ,4314 0773 5357 55
 0436                          , LOG ,5550 5706 5700 5357
 0437                          , LOG ,5541 5004 0042 0002
 0440                          , OCT ,1457 5345 12
 0441               *0441B  :  , OCT ,3445 6045 3457 145
 0442                          , LOG ,4550 4100 6441 0214
 0443                          , LOG ,703 4100 5734 0743
 0444                          , OCT ,4150 0713 12
 0445               *0445B  :  , OCT ,3445 6045 3457 14
 0446                          , OCT ,6441 0200 0414 075
 0447                          , LOG ,7 0445 5064 1200
 0450               *0450B  :  , LOG ,4243 6460 4564 0714
 0451                          , LOG ,4315 0053 5750 4503
 0452                          , LOG ,5 4113 1441 1200
 0453               *0453B  :  , OCT ,4314 0773 5357 55
 0454                          , LOG ,5550 5706 5700 5773
 0455                          , OCT ,0702 5753 12
 0456               *0456B  :  , LOG ,5773 0702 5341 0042
 0457                          , LOG ,34 4345 4204 5753
 0460                          , OCT ,5755 5545 5064 416
 0461                          , OCT ,0707 12
 0462               *0462B  :  , OCT ,4200 7607 4314 45
 0463                          , LOG ,257 1432 7345 0021
 0464                          , OCT ,2600 0307 0560 12
 0465               *0465B  :  , LOG ,3457 4314 4500 6457
 0466                          , OCT ,7653 0700 5045 64
 0467                          , OCT ,5541 5064 0743 12
 0470               *0470B  :  , LOG ,5045 6400 3457 6015
 0471                          , LOG ,453 4100 7607 4314
 0472                          , OCT ,4100 3457 4314 45
 0473                          , OCT ,4512
 0474               *0474B  :  , OCT ,3457 6015 0457 53
 0475                          , LOG ,257 1432 7345 0021
 0476                          , OCT ,3012
 0477               *0477B  :  , LOG ,4200 4364 6057 5345
 0500                          , LOG ,45 5754 5600 6462
 0501                          , OCT ,6545 12
 0502               *0502B  :  , LOG ,307 0560 4100 3457
 0503                          , LOG ,4314 4500 6457 1604
 0504                          , LOG ,4543 6442 4100 0257
 0505                          , OCT ,1432 7345 0023 12
 0506               *0506B  :  , LOG ,3471 4364 4115 0043
 0507                          , OCT ,6460 5753 4112
 0510               *0510B  :  , LOG ,5045 6400 0345 1457
 0511                          , OCT ,0657 12
 0512               *0512B  :  , LOG ,5045 3460 4142 0064
 0513                          , LOG ,734 0004 1415 0002
 0514                          , OCT ,4140 5742 5706 57
 0515                          , LOG ,6407 3441 0055 5057
 0516                          , OCT ,1645 4364 4212
 0517               *0517B  :  , LOG ,5773 0702 5341 0034
 0520                          , LOG ,6007 0057 3460 4504
 0521                          , LOG ,4514 4550 0707 0064
 0522                          , LOG ,734 4100 5764 6045
 0523                          , OCT ,4053 4112
 0524               *0524B  :  , LOG ,5045 1432 4015 0034
 0525                          , OCT ,4345 4204 5700 532
 0526                          , LOG ,7 0056 4567 1200
 0527               *0527B  :  , LOG ,6460 4502 7145 6443
 0530                          , LOG ,1500 0750 5713 0064
 0531                          , LOG ,734 0007 5004 4553
 0532                          , OCT ,4341 12
 0533               *0533B  :  , OCT ,3457 4314 4500 075
 0534                          , LOG ,445 5343 5742 0050
 0535                          , LOG ,4564 0053 4200 4353
 0536                          , OCT ,5702 5307 12
 0537               *0537B  :  , LOG ,743 3457 1432 4057
 0540                          , OCT ,4241 5007 4500 346
 0541                          , OCT ,5703 4504 7160 37
 0542                          , LOG ,4200 4237 6041 1645
 0543                          , OCT ,5007 0712
 0544               *0544B  :  , LOG ,5507 5071 4300 5045
 0545                          , LOG ,53 0062 4541 5400
 0546                          , LOG ,700 5045 0053 0051
 0547                          , OCT ,5664 4547 4562 12
 0550               *0550B  :  , LOG ,5045 6400 5007 0064
 0551                          , LOG ,5700 5007 0044 5767
 0552                          , OCT ,5664 5712
 0553               *0553B  :  , OCT ,5734 4560 4164 576
 0554                          , LOG ,67 5164 5000 5045
 0555                          , LOG ,57 6400 4041 3407
 0556                          , OCT ,4307 12
 0557               *0557B  :  , OCT ,5734 4560 4164 576
 0560                          , LOG ,67 5164 5000 5045
 0561                          , LOG ,57 6400 3445 6045
 0562                          , OCT ,5545 5050 5713 12
 0563               *0563B  :  , LOG ,442 4500 6041 4250
 0564                          , LOG ,3745 0055 4564 5307
 0565                          , LOG ,42 3702 5760 4112
 0566               *0566B  :  , LOG ,6041 4050 3745 0064
 0567                          , LOG ,734 3700 4341 6345
 0570                          , LOG ,55 4564 5753 0007
 0571                          , LOG ,42 3760 4116 4550
 0572                          , OCT ,0715 12
 0573               *0573B  :  , LOG ,5045 1432 4015 0034
 0574                          , LOG ,6007 4342 0005 4113
 0575                          , OCT ,1437 12
 0576               *0576B  :  , LOG ,5045 3460 0050 5755
 0577                          , LOG ,4560 0004 1415 0042
 0600                          , LOG ,5045 7300 0541 1314
 0601                          , OCT ,4112
 0602               *0602B  :  , OCT ,5045 6400 5765 646
 0603                          , OCT ,6564 12
 0604               *0604B  :  , LOG ,3460 4504 5734 6045
 0605                          , LOG ,445 1445 5000 5341
 0606                          , LOG ,5300 7153 4140 4164
 0607                          , OCT ,4514 3212
 0610               *0610B  :  , OCT ,5045 0004 5757 346
 0611                          , OCT ,4504 4514 4550 12
 0612               *0612B  :  , LOG ,5045 0057 3460 4504
 0613                          , LOG ,4514 4550 0042 5045
 0614                          , LOG ,7350 0713 0005 4113
 0615                          , OCT ,1412
 0616               *0616B  :  , OCT ,4314 0773 5357 55
 0617                          , OCT ,0257 1432 7341 15
 0620                          , LOG ,4214 5716 4550 5057
 0621                          , LOG ,4364 3200 3460 5703
 0622                          , OCT ,4504 7160 12
 0623               *0623B  :  , LOG ,3460 4504 3704 7175
 0624                          , LOG ,4545 0057 0202 1542
 0625                          , LOG ,1445 5007 4500 5045
 0626                          , LOG ,2 3714 5700 4657
 0627                          , OCT ,6267 4162 4412
 0630               *0630B  :  , LOG ,3457 4264 5760 0034
 0631                          , LOG ,6045 0457 3460 4504
 0632                          , OCT ,4514 4550 0715 12
 0633               *0633B  :  , LOG ,5773 0702 5341 0042
 0634                          , LOG ,60 4140 0445 1445
 0635                          , LOG ,57 0202 1542 1445
 0636                          , OCT ,5007 1312
 0637               *0637B  :  , OCT ,5045 0004 5757 346
 0640                          , LOG ,4504 4514 0034 6057
 0641                          , OCT ,0345 0471 6037 12
 0642               *0642B  :  , LOG ,6460 4502 7145 6443
 0643                          , OCT ,1500 12
 0644               *0644B  :  , OCT ,5550 5706 5700 427
 0645                          , LOG ,5704 0034 6057 0312
 0646               *0646B  :  , LOG ,6041 4050 3745 0064
 0647                          , LOG ,734 3700 4341 6345
 0650                          , LOG ,55 4564 5753 0007
 0651                          , LOG ,42 3760 4116 1200
 0652               *0652B  :  , OCT ,0345 1457 4512
 0653               *0653B  :  , LOG ,5734 6045 0400 5545
 0654                          , LOG ,6453 0700 4200 0214
 0655                          , OCT ,5753 4512
 0656               *0656B  :  , LOG ,1445 4241 1500 4353
 0657                          , OCT ,5702 5341 12
 0660               *0660B  :  , LOG ,3460 4142 4115 0043
 0661                          , OCT ,5357 0253 4112
 0662               *0662B  :  , OCT ,3460 4142 0053 42
 0663                          , OCT ,4353 5702 5341 12
 0664               *0664B  :  , LOG ,4041 3415 6441 1512
 0665               *0665B  :  , OCT ,6457 7653 4100 43
 0666                          , LOG ,4041 3415 6457 1312
 0667               *0667B  :  , LOG ,64 5776 5341 1200
 0670               *0670B  :  , LOG ,442 5745 6457 7607
 0671                          , OCT ,4512
 0672               *0672B  :  , LOG ,3460 0743 4241 0742
 0673                          , OCT ,4150 0715 12
 0674               *0674B  :  , LOG ,42 4547 5156 1200
 0675               *0675B  :  , OCT ,0045 5644 12
 0676               *0676B  :  , LOG ,65 5664 5154 1200
 0677               *0677B  :  , OCT ,0057 4612
 0700               *0700B  :  , OCT ,0044 5712
 0701               *0701B  :  , OCT ,0064 5045 5612
 0702               *0702B  :  , LOG ,6062 5747 6241 5512
                               , END ,
 ЧИCЛO ПEPФ. 0525      ЧИCЛO OШИБ. OПEPATOPOB  0000
           *READ OLD
           *END FILE
 КОНЕЦ ЗАДАЧИ
 00411: 00 074 0000	*74
