                                                      24.05.19 M1

  M O H И T O P-8 0  (3.7)   25.09.84*       (  MC " Д Y Б H A " ИAЭ  )             ШИФP    419999000000







                    ЖЖЖЖ  Ж   Ж Ж     ЖЖЖЖЖ
                    Ж   Ж Ж   Ж Ж       Ж
                    Ж   Ж Ж   Ж Ж       Ж
                    Ж   Ж Ж   Ж Ж       Ж
                    ЖЖЖЖ  Ж   Ж Ж       Ж
                    Ж     Ж   Ж Ж       Ж
                    Ж      ЖЖЖ  ЖЖЖЖЖ   Ж








*NAME PULT
           *PERSO: 401350, CONT
 04.10.84 M1
           *CALL DTRAN:410440(PULT)
                 DTRAN  /01.06.84/
           *CALL PUTFLAG*
 40
           *ASSEM
           *READ: 1
                                                      24.05.19 M1
 ABTOKOД  MADLEN
   (1.10.72)
                    PULT    :  , NAME,        DTRAN  /01.06.84/
 0000 0004                   12, VTM ,*0004B  .=10 3700 0027 00
                                                31
  -                          12, *70 ,
 0001                          , XTA ,76017B
  -                          12, AEX ,1
 0002 0003                     , U1A ,*0003B
  -                            , UJ  ,76002B
 0003               *0003B  :  , *62 ,
  -
 0004               *0004B  :  , LOG ,10 3700 0027 0031
 0005                          , LOG ,377
                               , END ,
 ЧИCЛO ПEPФ. 0011      ЧИCЛO OШИБ. OПEPATOPOB  0000
           *READ OLD
           *END FILE
 КОНЕЦ ЗАДАЧИ
 00411: 00 074 0000	*74
